<?xml version="1.0" encoding="UTF-8"?>
<testsuite xmlns:xsi="http://www.w3.org/2001/XMLSchema-instance" xsi:noNamespaceSchemaLocation="https://maven.apache.org/surefire/maven-surefire-plugin/xsd/surefire-test-report.xsd" name="org.apache.commons.io.FileUtilsTestCase" time="2.233" tests="141" errors="0" skipped="1" failures="0">
  <properties>
    <property name="java.specification.version" value="23"/>
    <property name="sun.jnu.encoding" value="UTF-8"/>
    <property name="java.class.path" value="/Users/gabesindac/Documents/SE333_Software_Testing/commons-io-master/commons-io-master/target/test-classes:/Users/gabesindac/Documents/SE333_Software_Testing/commons-io-master/commons-io-master/target/classes:/Users/gabesindac/.m2/repository/junit/junit/4.12/junit-4.12.jar:/Users/gabesindac/.m2/repository/org/hamcrest/hamcrest-core/1.3/hamcrest-core-1.3.jar:/Users/gabesindac/.m2/repository/com/google/jimfs/jimfs/1.1/jimfs-1.1.jar:/Users/gabesindac/.m2/repository/com/google/guava/guava/18.0/guava-18.0.jar:/Users/gabesindac/.m2/repository/org/apache/commons/commons-lang3/3.8.1/commons-lang3-3.8.1.jar:"/>
    <property name="java.vm.vendor" value="Oracle Corporation"/>
    <property name="sun.arch.data.model" value="64"/>
    <property name="java.vendor.url" value="https://java.oracle.com/"/>
    <property name="os.name" value="Mac OS X"/>
    <property name="java.vm.specification.version" value="23"/>
    <property name="sun.java.launcher" value="SUN_STANDARD"/>
    <property name="user.country" value="US"/>
    <property name="sun.boot.library.path" value="/Users/gabesindac/Library/Java/JavaVirtualMachines/openjdk-23.0.1/Contents/Home/lib"/>
    <property name="sun.java.command" value="/Users/gabesindac/Documents/SE333_Software_Testing/commons-io-master/commons-io-master/target/surefire/surefirebooter12721199706112640006.jar /Users/gabesindac/Documents/SE333_Software_Testing/commons-io-master/commons-io-master/target/surefire 2025-02-19T22-18-21_242-jvmRun1 surefire16729289655464882169tmp surefire_993631941259620599964tmp"/>
    <property name="http.nonProxyHosts" value="local|*.local|169.254/16|*.169.254/16"/>
    <property name="jdk.debug" value="release"/>
    <property name="surefire.test.class.path" value="/Users/gabesindac/Documents/SE333_Software_Testing/commons-io-master/commons-io-master/target/test-classes:/Users/gabesindac/Documents/SE333_Software_Testing/commons-io-master/commons-io-master/target/classes:/Users/gabesindac/.m2/repository/junit/junit/4.12/junit-4.12.jar:/Users/gabesindac/.m2/repository/org/hamcrest/hamcrest-core/1.3/hamcrest-core-1.3.jar:/Users/gabesindac/.m2/repository/com/google/jimfs/jimfs/1.1/jimfs-1.1.jar:/Users/gabesindac/.m2/repository/com/google/guava/guava/18.0/guava-18.0.jar:/Users/gabesindac/.m2/repository/org/apache/commons/commons-lang3/3.8.1/commons-lang3-3.8.1.jar:"/>
    <property name="sun.cpu.endian" value="little"/>
    <property name="user.home" value="/Users/gabesindac"/>
    <property name="user.language" value="en"/>
    <property name="java.specification.vendor" value="Oracle Corporation"/>
    <property name="java.version.date" value="2024-10-15"/>
    <property name="java.home" value="/Users/gabesindac/Library/Java/JavaVirtualMachines/openjdk-23.0.1/Contents/Home"/>
    <property name="file.separator" value="/"/>
    <property name="basedir" value="/Users/gabesindac/Documents/SE333_Software_Testing/commons-io-master/commons-io-master"/>
    <property name="java.vm.compressedOopsMode" value="Zero based"/>
    <property name="line.separator" value="&#10;"/>
    <property name="java.vm.specification.vendor" value="Oracle Corporation"/>
    <property name="java.specification.name" value="Java Platform API Specification"/>
    <property name="apple.awt.application.name" value="ForkedBooter"/>
    <property name="surefire.real.class.path" value="/Users/gabesindac/Documents/SE333_Software_Testing/commons-io-master/commons-io-master/target/surefire/surefirebooter12721199706112640006.jar"/>
    <property name="sun.management.compiler" value="HotSpot 64-Bit Tiered Compilers"/>
    <property name="ftp.nonProxyHosts" value="local|*.local|169.254/16|*.169.254/16"/>
    <property name="java.runtime.version" value="23.0.1+11-39"/>
    <property name="user.name" value="gabesindac"/>
    <property name="stdout.encoding" value="UTF-8"/>
    <property name="path.separator" value=":"/>
    <property name="os.version" value="15.3"/>
    <property name="java.runtime.name" value="OpenJDK Runtime Environment"/>
    <property name="file.encoding" value="UTF-8"/>
    <property name="java.vm.name" value="OpenJDK 64-Bit Server VM"/>
    <property name="localRepository" value="/Users/gabesindac/.m2/repository"/>
    <property name="java.vendor.url.bug" value="https://bugreport.java.com/bugreport/"/>
    <property name="java.io.tmpdir" value="/var/folders/xj/005yt8_j26jfj8xmbcjbj3bm0000gn/T/"/>
    <property name="java.version" value="23.0.1"/>
    <property name="user.dir" value="/Users/gabesindac/Documents/SE333_Software_Testing/commons-io-master/commons-io-master"/>
    <property name="os.arch" value="aarch64"/>
    <property name="java.vm.specification.name" value="Java Virtual Machine Specification"/>
    <property name="native.encoding" value="UTF-8"/>
    <property name="java.library.path" value="/Users/gabesindac/Library/Java/Extensions:/Library/Java/Extensions:/Network/Library/Java/Extensions:/System/Library/Java/Extensions:/usr/lib/java:."/>
    <property name="java.vm.info" value="mixed mode, sharing"/>
    <property name="stderr.encoding" value="UTF-8"/>
    <property name="java.vendor" value="Oracle Corporation"/>
    <property name="java.vm.version" value="23.0.1+11-39"/>
    <property name="sun.io.unicode.encoding" value="UnicodeBig"/>
    <property name="socksNonProxyHosts" value="local|*.local|169.254/16|*.169.254/16"/>
    <property name="java.class.version" value="67.0"/>
  </properties>
  <testcase name="testCopyFile1" classname="org.apache.commons.io.FileUtilsTestCase" time="0.013"/>
  <testcase name="testCopyFile2" classname="org.apache.commons.io.FileUtilsTestCase" time="0"/>
  <testcase name="testCopyToDirectoryWithDirectory" classname="org.apache.commons.io.FileUtilsTestCase" time="0.002"/>
  <testcase name="testChecksumOnDirectory" classname="org.apache.commons.io.FileUtilsTestCase" time="0.001"/>
  <testcase name="testWriteLines_3arg_nullSeparator" classname="org.apache.commons.io.FileUtilsTestCase" time="0.001"/>
  <testcase name="testChecksum" classname="org.apache.commons.io.FileUtilsTestCase" time="0.001"/>
  <testcase name="testGetUserDirectoryPath" classname="org.apache.commons.io.FileUtilsTestCase" time="0.001"/>
  <testcase name="testCopyToDirectoryWithIterableSourceIsNull" classname="org.apache.commons.io.FileUtilsTestCase" time="0.001"/>
  <testcase name="testToFiles3a" classname="org.apache.commons.io.FileUtilsTestCase" time="0"/>
  <testcase name="testChecksumCRC32" classname="org.apache.commons.io.FileUtilsTestCase" time="0.001"/>
  <testcase name="testWriteLines_3argsWithAppendOptionTrue_ShouldNotDeletePreviousFileLines" classname="org.apache.commons.io.FileUtilsTestCase" time="0.001"/>
  <testcase name="testCopyDirectoryToChild" classname="org.apache.commons.io.FileUtilsTestCase" time="0.007"/>
  <testcase name="testContentEqualsIgnoreEOL" classname="org.apache.commons.io.FileUtilsTestCase" time="0.004"/>
  <testcase name="testForceDeleteAFile1" classname="org.apache.commons.io.FileUtilsTestCase" time="0"/>
  <testcase name="testForceDeleteAFile2" classname="org.apache.commons.io.FileUtilsTestCase" time="0.001"/>
  <testcase name="testForceDeleteAFile3" classname="org.apache.commons.io.FileUtilsTestCase" time="0.001"/>
  <testcase name="testCopyToSelf" classname="org.apache.commons.io.FileUtilsTestCase" time="0.001"/>
  <testcase name="testDeleteQuietlyForNull" classname="org.apache.commons.io.FileUtilsTestCase" time="0.001"/>
  <testcase name="testToFile1" classname="org.apache.commons.io.FileUtilsTestCase" time="0"/>
  <testcase name="testToFile2" classname="org.apache.commons.io.FileUtilsTestCase" time="0.001"/>
  <testcase name="testToFile3" classname="org.apache.commons.io.FileUtilsTestCase" time="0.002"/>
  <testcase name="testToFile4" classname="org.apache.commons.io.FileUtilsTestCase" time="0"/>
  <testcase name="testToFile5" classname="org.apache.commons.io.FileUtilsTestCase" time="0"/>
  <testcase name="testToURLs1" classname="org.apache.commons.io.FileUtilsTestCase" time="0.001"/>
  <testcase name="testDeleteQuietlyNonExistent" classname="org.apache.commons.io.FileUtilsTestCase" time="0.001"/>
  <testcase name="test_openInputStream_existsButIsDirectory" classname="org.apache.commons.io.FileUtilsTestCase" time="0"/>
  <testcase name="testToFileUtf8" classname="org.apache.commons.io.FileUtilsTestCase" time="0.001"/>
  <testcase name="testCopyDirectoryToNonExistingDest" classname="org.apache.commons.io.FileUtilsTestCase" time="0.003"/>
  <testcase name="testToFiles1" classname="org.apache.commons.io.FileUtilsTestCase" time="0.001"/>
  <testcase name="testToFiles2" classname="org.apache.commons.io.FileUtilsTestCase" time="0.001"/>
  <testcase name="testToFiles3" classname="org.apache.commons.io.FileUtilsTestCase" time="0"/>
  <testcase name="testToFiles4" classname="org.apache.commons.io.FileUtilsTestCase" time="0.001"/>
  <testcase name="testWriteByteArrayToFile" classname="org.apache.commons.io.FileUtilsTestCase" time="0.001"/>
  <testcase name="testMoveFile_CopyDelete_Failed" classname="org.apache.commons.io.FileUtilsTestCase" time="0.001"/>
  <testcase name="testWriteLines_5argsWithAppendOptionTrue_ShouldNotDeletePreviousFileLines" classname="org.apache.commons.io.FileUtilsTestCase" time="0.001"/>
  <testcase name="testWriteLines_4arg_Writer_nullData" classname="org.apache.commons.io.FileUtilsTestCase" time="0"/>
  <testcase name="testCopyToDirectoryWithFileSourceDoesNotExist" classname="org.apache.commons.io.FileUtilsTestCase" time="0.001"/>
  <testcase name="testMoveFile_Errors" classname="org.apache.commons.io.FileUtilsTestCase" time="0.001"/>
  <testcase name="testWriteStringToFile_WithAppendOptionFalse_ShouldDeletePreviousFileLines" classname="org.apache.commons.io.FileUtilsTestCase" time="0.001"/>
  <testcase name="test_openOutputStream_exists" classname="org.apache.commons.io.FileUtilsTestCase" time="0.001"/>
  <testcase name="testListFilesWithDirs" classname="org.apache.commons.io.FileUtilsTestCase" time="0.003"/>
  <testcase name="testWriteLines_3argsWithAppendOptionFalse_ShouldDeletePreviousFileLines" classname="org.apache.commons.io.FileUtilsTestCase" time="0.001"/>
  <testcase name="testWriteLines_4argsWithAppendOptionFalse_ShouldDeletePreviousFileLines" classname="org.apache.commons.io.FileUtilsTestCase" time="0.001"/>
  <testcase name="testIO300" classname="org.apache.commons.io.FileUtilsTestCase" time="0"/>
  <testcase name="testWriteLines_5argsWithAppendOptionFalse_ShouldDeletePreviousFileLines" classname="org.apache.commons.io.FileUtilsTestCase" time="0.001"/>
  <testcase name="testTouch" classname="org.apache.commons.io.FileUtilsTestCase" time="0.009"/>
  <testcase name="testIncorrectOutputSize" classname="org.apache.commons.io.FileUtilsTestCase" time="0.002"/>
  <testcase name="testGetUserDirectory" classname="org.apache.commons.io.FileUtilsTestCase" time="0.001"/>
  <testcase name="testCopyToDirectoryWithFile" classname="org.apache.commons.io.FileUtilsTestCase" time="0.001"/>
  <testcase name="testChecksumDouble" classname="org.apache.commons.io.FileUtilsTestCase" time="0.001"/>
  <testcase name="testToURLs3a" classname="org.apache.commons.io.FileUtilsTestCase" time="0"/>
  <testcase name="testMoveFile_Rename" classname="org.apache.commons.io.FileUtilsTestCase" time="0.001"/>
  <testcase name="testCopyFileLarge" classname="org.apache.commons.io.FileUtilsTestCase" time="0">
    <skipped/>
  </testcase>
  <testcase name="testWriteByteArrayToFile_WithAppendOptionFalse_ShouldDeletePreviousFileLines" classname="org.apache.commons.io.FileUtilsTestCase" time="0.001"/>
  <testcase name="testCopyDirectoryToDirectory_NonExistingDest" classname="org.apache.commons.io.FileUtilsTestCase" time="0.002"/>
  <testcase name="testMoveDirectory_CopyDelete" classname="org.apache.commons.io.FileUtilsTestCase" time="0.002"/>
  <testcase name="testGetFile_Parent" classname="org.apache.commons.io.FileUtilsTestCase" time="0"/>
  <testcase name="test_openOutputStream_noParentNoFile" classname="org.apache.commons.io.FileUtilsTestCase" time="0.001"/>
  <testcase name="testWriteWithEncoding_WithAppendOptionFalse_ShouldDeletePreviousFileLines" classname="org.apache.commons.io.FileUtilsTestCase" time="0.001"/>
  <testcase name="testCopyFile2WithoutFileDatePreservation" classname="org.apache.commons.io.FileUtilsTestCase" time="0.001"/>
  <testcase name="testMoveFile_CopyDelete" classname="org.apache.commons.io.FileUtilsTestCase" time="0.001"/>
  <testcase name="testFileUtils" classname="org.apache.commons.io.FileUtilsTestCase" time="0"/>
  <testcase name="testForceMkdir" classname="org.apache.commons.io.FileUtilsTestCase" time="0.001"/>
  <testcase name="testCopyFile1ToDir" classname="org.apache.commons.io.FileUtilsTestCase" time="0.002"/>
  <testcase name="testListFiles" classname="org.apache.commons.io.FileUtilsTestCase" time="0.001"/>
  <testcase name="testMoveDirectoryToDirectory_Errors" classname="org.apache.commons.io.FileUtilsTestCase" time="0.001"/>
  <testcase name="testCopyFile2ToDir" classname="org.apache.commons.io.FileUtilsTestCase" time="0.001"/>
  <testcase name="testForceDeleteDir" classname="org.apache.commons.io.FileUtilsTestCase" time="0"/>
  <testcase name="testGetFile" classname="org.apache.commons.io.FileUtilsTestCase" time="0.001"/>
  <testcase name="testWriteByteArrayToFile_WithOffsetAndLength" classname="org.apache.commons.io.FileUtilsTestCase" time="0.001"/>
  <testcase name="testReadLines" classname="org.apache.commons.io.FileUtilsTestCase" time="0.001"/>
  <testcase name="testWriteStringToFileWithEncoding_WithAppendOptionTrue_ShouldNotDeletePreviousFileLines" classname="org.apache.commons.io.FileUtilsTestCase" time="0.001"/>
  <testcase name="testCopyToDirectoryWithIterable" classname="org.apache.commons.io.FileUtilsTestCase" time="0.002"/>
  <testcase name="testGetTempDirectoryPath" classname="org.apache.commons.io.FileUtilsTestCase" time="0"/>
  <testcase name="test_openOutputStream_notExists" classname="org.apache.commons.io.FileUtilsTestCase" time="0.001"/>
  <testcase name="testMoveDirectory_Errors" classname="org.apache.commons.io.FileUtilsTestCase" time="0.001"/>
  <testcase name="testReadFileToStringWithEncoding" classname="org.apache.commons.io.FileUtilsTestCase" time="0.001"/>
  <testcase name="testCopyToDirectoryWithIterableSourceDoesNotExist" classname="org.apache.commons.io.FileUtilsTestCase" time="0.001"/>
  <testcase name="testSizeOfAsBigInteger" classname="org.apache.commons.io.FileUtilsTestCase" time="0.001"/>
  <testcase name="testCopyURLToFileWithTimeout" classname="org.apache.commons.io.FileUtilsTestCase" time="0.002"/>
  <testcase name="test_openOutputStream_notExistsCannotCreate" classname="org.apache.commons.io.FileUtilsTestCase" time="0"/>
  <testcase name="testForceMkdirParent" classname="org.apache.commons.io.FileUtilsTestCase" time="0"/>
  <testcase name="testCopyDirectoryToItself" classname="org.apache.commons.io.FileUtilsTestCase" time="0.002"/>
  <testcase name="testWriteStringToFileWithEncoding_WithAppendOptionFalse_ShouldDeletePreviousFileLines" classname="org.apache.commons.io.FileUtilsTestCase" time="0.001"/>
  <testcase name="testWriteLines_4arg" classname="org.apache.commons.io.FileUtilsTestCase" time="0.001"/>
  <testcase name="test_openOutputStream_noParentCreateFile" classname="org.apache.commons.io.FileUtilsTestCase" time="0.001"/>
  <testcase name="testCopyFileToOutputStream" classname="org.apache.commons.io.FileUtilsTestCase" time="0.001"/>
  <testcase name="testMoveDirectory_Rename" classname="org.apache.commons.io.FileUtilsTestCase" time="0.001"/>
  <testcase name="testWrite_WithAppendOptionFalse_ShouldDeletePreviousFileLines" classname="org.apache.commons.io.FileUtilsTestCase" time="0.001"/>
  <testcase name="testCopyDirectoryToGrandChild" classname="org.apache.commons.io.FileUtilsTestCase" time="0.005"/>
  <testcase name="testDeleteDirectoryWithNonDirectory" classname="org.apache.commons.io.FileUtilsTestCase" time="0"/>
  <testcase name="testWriteByteArrayToFile_WithAppendOptionTrue_ShouldNotDeletePreviousFileLines" classname="org.apache.commons.io.FileUtilsTestCase" time="0.001"/>
  <testcase name="testReadFileToByteArray" classname="org.apache.commons.io.FileUtilsTestCase" time="0.001"/>
  <testcase name="testIsFileNewerOlder" classname="org.apache.commons.io.FileUtilsTestCase" time="2.01"/>
  <testcase name="testByteCountToDisplaySizeLong" classname="org.apache.commons.io.FileUtilsTestCase" time="0.005"/>
  <testcase name="testSizeOfDirectoryAsBigInteger" classname="org.apache.commons.io.FileUtilsTestCase" time="0.007"/>
  <testcase name="testGetTempDirectory" classname="org.apache.commons.io.FileUtilsTestCase" time="0.002"/>
  <testcase name="testWriteLines_4argsWithAppendOptionTrue_ShouldNotDeletePreviousFileLines" classname="org.apache.commons.io.FileUtilsTestCase" time="0.001"/>
  <testcase name="testMoveToDirectory" classname="org.apache.commons.io.FileUtilsTestCase" time="0.002"/>
  <testcase name="testReadFileToStringWithDefaultEncoding" classname="org.apache.commons.io.FileUtilsTestCase" time="0.002"/>
  <testcase name="testCompareSizeOf" classname="org.apache.commons.io.FileUtilsTestCase" time="0.008"/>
  <testcase name="testWriteStringToFile1" classname="org.apache.commons.io.FileUtilsTestCase" time="0.001"/>
  <testcase name="testWriteStringToFile2" classname="org.apache.commons.io.FileUtilsTestCase" time="0.001"/>
  <testcase name="testWriteStringToFile3" classname="org.apache.commons.io.FileUtilsTestCase" time="0.001"/>
  <testcase name="testWriteByteArrayToFile_WithOffsetAndLength_WithAppendOptionTrue_ShouldDeletePreviousFileLines" classname="org.apache.commons.io.FileUtilsTestCase" time="0.002"/>
  <testcase name="testMoveToDirectory_Errors" classname="org.apache.commons.io.FileUtilsTestCase" time="0"/>
  <testcase name="testSizeOfDirectory" classname="org.apache.commons.io.FileUtilsTestCase" time="0.004"/>
  <testcase name="testDecodeUrlLenient" classname="org.apache.commons.io.FileUtilsTestCase" time="0"/>
  <testcase name="testWriteCharSequence1" classname="org.apache.commons.io.FileUtilsTestCase" time="0.001"/>
  <testcase name="testWriteCharSequence2" classname="org.apache.commons.io.FileUtilsTestCase" time="0.001"/>
  <testcase name="testDecodeUrlNullSafe" classname="org.apache.commons.io.FileUtilsTestCase" time="0"/>
  <testcase name="testChecksumOnNullFile" classname="org.apache.commons.io.FileUtilsTestCase" time="0.001"/>
  <testcase name="testWriteLinesEncoding_WithAppendOptionFalse_ShouldDeletePreviousFileLines" classname="org.apache.commons.io.FileUtilsTestCase" time="0.003"/>
  <testcase name="testCopyDirectoryToExistingDest" classname="org.apache.commons.io.FileUtilsTestCase" time="0.002"/>
  <testcase name="testDeleteQuietlyDir" classname="org.apache.commons.io.FileUtilsTestCase" time="0.001"/>
  <testcase name="testContentEquals" classname="org.apache.commons.io.FileUtilsTestCase" time="0.002"/>
  <testcase name="testDecodeUrl" classname="org.apache.commons.io.FileUtilsTestCase" time="0.001"/>
  <testcase name="test_openInputStream_notExists" classname="org.apache.commons.io.FileUtilsTestCase" time="0"/>
  <testcase name="testWriteLines_4arg_nullSeparator" classname="org.apache.commons.io.FileUtilsTestCase" time="0.001"/>
  <testcase name="testIterateFiles" classname="org.apache.commons.io.FileUtilsTestCase" time="0.002"/>
  <testcase name="testCopyDirectoryFiltered" classname="org.apache.commons.io.FileUtilsTestCase" time="0.004"/>
  <testcase name="testWriteWithEncoding_WithAppendOptionTrue_ShouldNotDeletePreviousFileLines" classname="org.apache.commons.io.FileUtilsTestCase" time="0.002"/>
  <testcase name="testByteCountToDisplaySizeBigInteger" classname="org.apache.commons.io.FileUtilsTestCase" time="0.001"/>
  <testcase name="testCopyDirectoryErrors" classname="org.apache.commons.io.FileUtilsTestCase" time="0.001"/>
  <testcase name="testWriteByteArrayToFile_WithOffsetAndLength_WithAppendOptionTrue_ShouldNotDeletePreviousFileLines" classname="org.apache.commons.io.FileUtilsTestCase" time="0.001"/>
  <testcase name="testChecksumOnNullChecksum" classname="org.apache.commons.io.FileUtilsTestCase" time="0.001"/>
  <testcase name="testIterateFilesAndDirs" classname="org.apache.commons.io.FileUtilsTestCase" time="0.002"/>
  <testcase name="testDeleteQuietlyFile" classname="org.apache.commons.io.FileUtilsTestCase" time="0"/>
  <testcase name="testWriteStringToFile_WithAppendOptionTrue_ShouldNotDeletePreviousFileLines" classname="org.apache.commons.io.FileUtilsTestCase" time="0.001"/>
  <testcase name="test_openOutputStream_existsButIsDirectory" classname="org.apache.commons.io.FileUtilsTestCase" time="0"/>
  <testcase name="testMoveDirectoryToDirectory" classname="org.apache.commons.io.FileUtilsTestCase" time="0.001"/>
  <testcase name="testSizeOf" classname="org.apache.commons.io.FileUtilsTestCase" time="0.001"/>
  <testcase name="testMoveFileToDirectory_Errors" classname="org.apache.commons.io.FileUtilsTestCase" time="0.001"/>
  <testcase name="testCopyURLToFile" classname="org.apache.commons.io.FileUtilsTestCase" time="0.001"/>
  <testcase name="testWriteLinesEncoding_WithAppendOptionTrue_ShouldNotDeletePreviousFileLines" classname="org.apache.commons.io.FileUtilsTestCase" time="0"/>
  <testcase name="testCopyToDirectoryWithFileSourceIsNull" classname="org.apache.commons.io.FileUtilsTestCase" time="0.001"/>
  <testcase name="test_openInputStream_exists" classname="org.apache.commons.io.FileUtilsTestCase" time="0.001"/>
  <testcase name="testMoveFileToDirectory" classname="org.apache.commons.io.FileUtilsTestCase" time="0"/>
  <testcase name="testCopyDirectoryPreserveDates" classname="org.apache.commons.io.FileUtilsTestCase" time="0.003"/>
  <testcase name="testDecodeUrlEncodingUtf8" classname="org.apache.commons.io.FileUtilsTestCase" time="0.001"/>
  <testcase name="testWrite_WithAppendOptionTrue_ShouldNotDeletePreviousFileLines" classname="org.apache.commons.io.FileUtilsTestCase" time="0.001"/>
</testsuite>