<?xml version="1.0" encoding="UTF-8"?>
<testsuite xmlns:xsi="http://www.w3.org/2001/XMLSchema-instance" xsi:noNamespaceSchemaLocation="https://maven.apache.org/surefire/maven-surefire-plugin/xsd/surefire-test-report.xsd" name="org.apache.commons.io.ByteOrderMarkTestCase" time="0.018" tests="9" errors="0" skipped="0" failures="0">
  <properties>
    <property name="java.specification.version" value="23"/>
    <property name="sun.jnu.encoding" value="UTF-8"/>
    <property name="java.class.path" value="/Users/gabesindac/Documents/SE333_Software_Testing/commons-io-master/commons-io-master/target/test-classes:/Users/gabesindac/Documents/SE333_Software_Testing/commons-io-master/commons-io-master/target/classes:/Users/gabesindac/.m2/repository/junit/junit/4.12/junit-4.12.jar:/Users/gabesindac/.m2/repository/org/hamcrest/hamcrest-core/1.3/hamcrest-core-1.3.jar:/Users/gabesindac/.m2/repository/com/google/jimfs/jimfs/1.1/jimfs-1.1.jar:/Users/gabesindac/.m2/repository/com/google/guava/guava/18.0/guava-18.0.jar:/Users/gabesindac/.m2/repository/org/apache/commons/commons-lang3/3.8.1/commons-lang3-3.8.1.jar:"/>
    <property name="java.vm.vendor" value="Oracle Corporation"/>
    <property name="sun.arch.data.model" value="64"/>
    <property name="java.vendor.url" value="https://java.oracle.com/"/>
    <property name="os.name" value="Mac OS X"/>
    <property name="java.vm.specification.version" value="23"/>
    <property name="sun.java.launcher" value="SUN_STANDARD"/>
    <property name="user.country" value="US"/>
    <property name="sun.boot.library.path" value="/Users/gabesindac/Library/Java/JavaVirtualMachines/openjdk-23.0.1/Contents/Home/lib"/>
    <property name="sun.java.command" value="/Users/gabesindac/Documents/SE333_Software_Testing/commons-io-master/commons-io-master/target/surefire/surefirebooter13596800492598522148.jar /Users/gabesindac/Documents/SE333_Software_Testing/commons-io-master/commons-io-master/target/surefire 2025-02-19T22-18-21_242-jvmRun1 surefire16466654066095265019tmp surefire_8716044860726752194780tmp"/>
    <property name="http.nonProxyHosts" value="local|*.local|169.254/16|*.169.254/16"/>
    <property name="jdk.debug" value="release"/>
    <property name="surefire.test.class.path" value="/Users/gabesindac/Documents/SE333_Software_Testing/commons-io-master/commons-io-master/target/test-classes:/Users/gabesindac/Documents/SE333_Software_Testing/commons-io-master/commons-io-master/target/classes:/Users/gabesindac/.m2/repository/junit/junit/4.12/junit-4.12.jar:/Users/gabesindac/.m2/repository/org/hamcrest/hamcrest-core/1.3/hamcrest-core-1.3.jar:/Users/gabesindac/.m2/repository/com/google/jimfs/jimfs/1.1/jimfs-1.1.jar:/Users/gabesindac/.m2/repository/com/google/guava/guava/18.0/guava-18.0.jar:/Users/gabesindac/.m2/repository/org/apache/commons/commons-lang3/3.8.1/commons-lang3-3.8.1.jar:"/>
    <property name="sun.cpu.endian" value="little"/>
    <property name="user.home" value="/Users/gabesindac"/>
    <property name="user.language" value="en"/>
    <property name="java.specification.vendor" value="Oracle Corporation"/>
    <property name="java.version.date" value="2024-10-15"/>
    <property name="java.home" value="/Users/gabesindac/Library/Java/JavaVirtualMachines/openjdk-23.0.1/Contents/Home"/>
    <property name="file.separator" value="/"/>
    <property name="basedir" value="/Users/gabesindac/Documents/SE333_Software_Testing/commons-io-master/commons-io-master"/>
    <property name="java.vm.compressedOopsMode" value="Zero based"/>
    <property name="line.separator" value="&#10;"/>
    <property name="java.vm.specification.vendor" value="Oracle Corporation"/>
    <property name="java.specification.name" value="Java Platform API Specification"/>
    <property name="apple.awt.application.name" value="ForkedBooter"/>
    <property name="surefire.real.class.path" value="/Users/gabesindac/Documents/SE333_Software_Testing/commons-io-master/commons-io-master/target/surefire/surefirebooter13596800492598522148.jar"/>
    <property name="sun.management.compiler" value="HotSpot 64-Bit Tiered Compilers"/>
    <property name="ftp.nonProxyHosts" value="local|*.local|169.254/16|*.169.254/16"/>
    <property name="java.runtime.version" value="23.0.1+11-39"/>
    <property name="user.name" value="gabesindac"/>
    <property name="stdout.encoding" value="UTF-8"/>
    <property name="path.separator" value=":"/>
    <property name="os.version" value="15.3"/>
    <property name="java.runtime.name" value="OpenJDK Runtime Environment"/>
    <property name="file.encoding" value="UTF-8"/>
    <property name="java.vm.name" value="OpenJDK 64-Bit Server VM"/>
    <property name="localRepository" value="/Users/gabesindac/.m2/repository"/>
    <property name="java.vendor.url.bug" value="https://bugreport.java.com/bugreport/"/>
    <property name="java.io.tmpdir" value="/var/folders/xj/005yt8_j26jfj8xmbcjbj3bm0000gn/T/"/>
    <property name="java.version" value="23.0.1"/>
    <property name="user.dir" value="/Users/gabesindac/Documents/SE333_Software_Testing/commons-io-master/commons-io-master"/>
    <property name="os.arch" value="aarch64"/>
    <property name="java.vm.specification.name" value="Java Virtual Machine Specification"/>
    <property name="native.encoding" value="UTF-8"/>
    <property name="java.library.path" value="/Users/gabesindac/Library/Java/Extensions:/Library/Java/Extensions:/Network/Library/Java/Extensions:/System/Library/Java/Extensions:/usr/lib/java:."/>
    <property name="java.vm.info" value="mixed mode, sharing"/>
    <property name="stderr.encoding" value="UTF-8"/>
    <property name="java.vendor" value="Oracle Corporation"/>
    <property name="java.vm.version" value="23.0.1+11-39"/>
    <property name="sun.io.unicode.encoding" value="UnicodeBig"/>
    <property name="socksNonProxyHosts" value="local|*.local|169.254/16|*.169.254/16"/>
    <property name="java.class.version" value="67.0"/>
  </properties>
  <testcase name="errors" classname="org.apache.commons.io.ByteOrderMarkTestCase" time="0.001"/>
  <testcase name="charsetName" classname="org.apache.commons.io.ByteOrderMarkTestCase" time="0"/>
  <testcase name="testToString" classname="org.apache.commons.io.ByteOrderMarkTestCase" time="0"/>
  <testcase name="get" classname="org.apache.commons.io.ByteOrderMarkTestCase" time="0"/>
  <testcase name="testHashCode" classname="org.apache.commons.io.ByteOrderMarkTestCase" time="0"/>
  <testcase name="constantCharsetNames" classname="org.apache.commons.io.ByteOrderMarkTestCase" time="0.001"/>
  <testcase name="testEquals" classname="org.apache.commons.io.ByteOrderMarkTestCase" time="0"/>
  <testcase name="testLength" classname="org.apache.commons.io.ByteOrderMarkTestCase" time="0"/>
  <testcase name="getBytes" classname="org.apache.commons.io.ByteOrderMarkTestCase" time="0"/>
</testsuite>